21:01:55.600 INFO  baseclass.WebDriverFactory -OS name from system property :: mac
21:01:55.610 INFO  baseclass.WebDriverFactory -Driver Binary :: /Users/pramod/Documents/Programming/Java/projects/SearchFunctionality-Lets Kode it//drivers//geckodriver
21:02:03.364 INFO  utilities.Util -Waiting for max :: 15 seconds for Login Link to be clickable
21:02:18.397 ERROR basepage.CustomDriver -Cannot click on :: Login Link
21:02:18.398 INFO  utilities.Util -Date and Time :: 27_05_2021 21_02_18
21:02:18.736 INFO  basepage.CustomDriver -Screen Shot Was Stored at: /Users/pramod/Documents/Programming/Java/projects/SearchFunctionality-Lets Kode it//test-output/screenshots//_Click ERROR_27_05_2021 21_02_18.png
21:02:21.756 ERROR basepage.CustomDriver -Cannot send keys on element :: Email Field with data :: test@email.com
21:02:24.762 ERROR basepage.CustomDriver -Cannot send keys on element :: Password Field with data :: abcabc
21:02:27.777 ERROR basepage.CustomDriver -Cannot click on :: Login Button
21:02:27.778 INFO  utilities.Util -Date and Time :: 27_05_2021 21_02_27
21:02:28.077 INFO  basepage.CustomDriver -Screen Shot Was Stored at: /Users/pramod/Documents/Programming/Java/projects/SearchFunctionality-Lets Kode it//test-output/screenshots//_Click ERROR_27_05_2021 21_02_27.png
21:02:28.287 TRACE common.XBeanDebug -Loading type system org.apache.poi.schemas.ooxml.system.ooxml
21:02:28.289 TRACE common.XBeanDebug -Loading type system org.apache.xmlbeans.metadata.system.sXMLCONFIG
21:02:28.289 TRACE common.XBeanDebug -Loading type system org.apache.xmlbeans.metadata.system.sXMLLANG
21:02:28.290 TRACE common.XBeanDebug -Loading type system org.apache.xmlbeans.metadata.system.sXMLSCHEMA
21:02:28.291 TRACE common.XBeanDebug -Loading type system org.apache.xmlbeans.metadata.system.sXMLTOOLS
21:02:28.291 TRACE common.XBeanDebug -Reading unresolved handles for type system org.apache.xmlbeans.metadata.system.sXMLTOOLS
21:02:28.299 TRACE common.XBeanDebug -Finished loading type system org.apache.xmlbeans.metadata.system.sXMLTOOLS
21:02:28.300 TRACE common.XBeanDebug -Reading unresolved handles for type system org.apache.xmlbeans.metadata.system.sXMLSCHEMA
21:02:28.304 TRACE common.XBeanDebug -Finished loading type system org.apache.xmlbeans.metadata.system.sXMLSCHEMA
21:02:28.304 TRACE common.XBeanDebug -Reading unresolved handles for type system org.apache.xmlbeans.metadata.system.sXMLLANG
21:02:28.304 TRACE common.XBeanDebug -Finished loading type system org.apache.xmlbeans.metadata.system.sXMLLANG
21:02:28.305 TRACE common.XBeanDebug -Reading unresolved handles for type system org.apache.xmlbeans.metadata.system.sXMLCONFIG
21:02:28.306 TRACE common.XBeanDebug -Finished loading type system org.apache.xmlbeans.metadata.system.sXMLCONFIG
21:02:28.306 TRACE common.XBeanDebug -Reading unresolved handles for type system org.apache.poi.schemas.ooxml.system.ooxml
21:02:28.357 TRACE common.XBeanDebug -Finished loading type system org.apache.poi.schemas.ooxml.system.ooxml
21:02:28.357 TRACE common.XBeanDebug -Resolving type for handle themefd26doctype
21:02:28.396 TRACE common.XBeanDebug -Resolving type for handle stylesheet5d8bdoctype
21:02:28.400 TRACE common.XBeanDebug -Resolving type for handle ctstylesheet4257type
21:02:28.404 TRACE common.XBeanDebug -Resolving type for handle ctfonts6623type
21:02:28.406 TRACE common.XBeanDebug -Resolving type for handle ctfont14d8type
21:02:28.411 TRACE common.XBeanDebug -Resolving type for handle ctfills2c6ftype
21:02:28.413 TRACE common.XBeanDebug -Resolving type for handle ctfill550ctype
21:02:28.414 TRACE common.XBeanDebug -Resolving type for handle ctborders0d66type
21:02:28.417 TRACE common.XBeanDebug -Resolving type for handle ctborderf935type
21:02:28.419 TRACE common.XBeanDebug -Resolving type for handle ctcellxfs1322type
21:02:28.422 TRACE common.XBeanDebug -Resolving type for handle ctxf97f7type
21:02:28.424 TRACE common.XBeanDebug -Resolving type for handle ctcellstylexfsa81ftype
21:02:28.426 TRACE common.XBeanDebug -Resolving type for handle ctdxfsb26atype
21:02:28.427 TRACE common.XBeanDebug -Resolving type for handle cttablestyles872ftype
21:02:28.431 TRACE common.XBeanDebug -Resolving type for handle sstf81fdoctype
21:02:28.433 TRACE common.XBeanDebug -Resolving type for handle ctsst44f3type
21:02:28.440 TRACE common.XBeanDebug -Resolving type for handle ctrsta472type
21:02:28.463 TRACE common.XBeanDebug -Resolving type for handle workbookec17doctype
21:02:28.466 TRACE common.XBeanDebug -Resolving type for handle ctworkbook83c3type
21:02:28.470 TRACE common.XBeanDebug -Resolving type for handle ctsheets49fdtype
21:02:28.472 TRACE common.XBeanDebug -Resolving type for handle ctsheet4dbetype
21:02:28.474 TRACE common.XBeanDebug -Resolving type for handle strelationshipid1e94type
21:02:28.476 TRACE common.XBeanDebug -Resolving type for handle worksheetf539doctype
21:02:28.479 TRACE common.XBeanDebug -Resolving type for handle ctworksheet530dtype
21:02:28.485 TRACE common.XBeanDebug -Resolving type for handle ctsheetdata8408type
21:02:28.487 TRACE common.XBeanDebug -Resolving type for handle ctrowdd39type
21:02:28.491 TRACE common.XBeanDebug -Resolving type for handle ctcell842btype
21:02:28.498 TRACE common.XBeanDebug -Resolving type for handle stcellrefe4e0type
21:02:28.505 TRACE common.XBeanDebug -Resolving type for handle ctcols627ctype
21:02:28.507 TRACE common.XBeanDebug -Resolving type for handle ctcola95ftype
21:02:28.524 TRACE common.XBeanDebug -Resolving type for handle stxstringf179type
21:02:28.532 TRACE common.XBeanDebug -Resolving type for handle stcelltypebf95type
21:02:28.542 INFO  baseclass.CheckPoint -Clearing Results Hash Map
21:03:02.708 INFO  baseclass.CheckPoint -Clearing Results Hash Map
21:19:55.842 INFO  baseclass.WebDriverFactory -OS name from system property :: mac
21:19:55.850 INFO  baseclass.WebDriverFactory -Driver Binary :: /Users/pramod/Documents/Programming/Java/projects/SearchFunctionality-Lets Kode it//drivers//geckodriver
21:20:07.133 INFO  utilities.Util -Waiting for max :: 15 seconds for Login Link to be clickable
21:20:22.171 ERROR basepage.CustomDriver -Cannot click on :: Login Link
21:20:22.172 INFO  utilities.Util -Date and Time :: 27_05_2021 21_20_22
21:20:23.102 INFO  basepage.CustomDriver -Screen Shot Was Stored at: /Users/pramod/Documents/Programming/Java/projects/SearchFunctionality-Lets Kode it//test-output/screenshots//_Click ERROR_27_05_2021 21_20_22.png
21:20:26.123 ERROR basepage.CustomDriver -Cannot send keys on element :: Email Field with data :: test@email.com
21:20:29.132 ERROR basepage.CustomDriver -Cannot send keys on element :: Password Field with data :: abcabc
21:20:32.149 ERROR basepage.CustomDriver -Cannot click on :: Login Button
21:20:32.150 INFO  utilities.Util -Date and Time :: 27_05_2021 21_20_32
21:20:33.016 INFO  basepage.CustomDriver -Screen Shot Was Stored at: /Users/pramod/Documents/Programming/Java/projects/SearchFunctionality-Lets Kode it//test-output/screenshots//_Click ERROR_27_05_2021 21_20_32.png
21:20:33.213 TRACE common.XBeanDebug -Loading type system org.apache.poi.schemas.ooxml.system.ooxml
21:20:33.215 TRACE common.XBeanDebug -Loading type system org.apache.xmlbeans.metadata.system.sXMLCONFIG
21:20:33.215 TRACE common.XBeanDebug -Loading type system org.apache.xmlbeans.metadata.system.sXMLLANG
21:20:33.216 TRACE common.XBeanDebug -Loading type system org.apache.xmlbeans.metadata.system.sXMLSCHEMA
21:20:33.216 TRACE common.XBeanDebug -Loading type system org.apache.xmlbeans.metadata.system.sXMLTOOLS
21:20:33.217 TRACE common.XBeanDebug -Reading unresolved handles for type system org.apache.xmlbeans.metadata.system.sXMLTOOLS
21:20:33.225 TRACE common.XBeanDebug -Finished loading type system org.apache.xmlbeans.metadata.system.sXMLTOOLS
21:20:33.225 TRACE common.XBeanDebug -Reading unresolved handles for type system org.apache.xmlbeans.metadata.system.sXMLSCHEMA
21:20:33.228 TRACE common.XBeanDebug -Finished loading type system org.apache.xmlbeans.metadata.system.sXMLSCHEMA
21:20:33.229 TRACE common.XBeanDebug -Reading unresolved handles for type system org.apache.xmlbeans.metadata.system.sXMLLANG
21:20:33.230 TRACE common.XBeanDebug -Finished loading type system org.apache.xmlbeans.metadata.system.sXMLLANG
21:20:33.230 TRACE common.XBeanDebug -Reading unresolved handles for type system org.apache.xmlbeans.metadata.system.sXMLCONFIG
21:20:33.231 TRACE common.XBeanDebug -Finished loading type system org.apache.xmlbeans.metadata.system.sXMLCONFIG
21:20:33.231 TRACE common.XBeanDebug -Reading unresolved handles for type system org.apache.poi.schemas.ooxml.system.ooxml
21:20:33.273 TRACE common.XBeanDebug -Finished loading type system org.apache.poi.schemas.ooxml.system.ooxml
21:20:33.274 TRACE common.XBeanDebug -Resolving type for handle themefd26doctype
21:20:33.310 TRACE common.XBeanDebug -Resolving type for handle stylesheet5d8bdoctype
21:20:33.314 TRACE common.XBeanDebug -Resolving type for handle ctstylesheet4257type
21:20:33.317 TRACE common.XBeanDebug -Resolving type for handle ctfonts6623type
21:20:33.320 TRACE common.XBeanDebug -Resolving type for handle ctfont14d8type
21:20:33.324 TRACE common.XBeanDebug -Resolving type for handle ctfills2c6ftype
21:20:33.325 TRACE common.XBeanDebug -Resolving type for handle ctfill550ctype
21:20:33.327 TRACE common.XBeanDebug -Resolving type for handle ctborders0d66type
21:20:33.329 TRACE common.XBeanDebug -Resolving type for handle ctborderf935type
21:20:33.332 TRACE common.XBeanDebug -Resolving type for handle ctcellxfs1322type
21:20:33.334 TRACE common.XBeanDebug -Resolving type for handle ctxf97f7type
21:20:33.336 TRACE common.XBeanDebug -Resolving type for handle ctcellstylexfsa81ftype
21:20:33.338 TRACE common.XBeanDebug -Resolving type for handle ctdxfsb26atype
21:20:33.340 TRACE common.XBeanDebug -Resolving type for handle cttablestyles872ftype
21:20:33.343 TRACE common.XBeanDebug -Resolving type for handle sstf81fdoctype
21:20:33.346 TRACE common.XBeanDebug -Resolving type for handle ctsst44f3type
21:20:33.352 TRACE common.XBeanDebug -Resolving type for handle ctrsta472type
21:20:33.377 TRACE common.XBeanDebug -Resolving type for handle workbookec17doctype
21:20:33.380 TRACE common.XBeanDebug -Resolving type for handle ctworkbook83c3type
21:20:33.384 TRACE common.XBeanDebug -Resolving type for handle ctsheets49fdtype
21:20:33.386 TRACE common.XBeanDebug -Resolving type for handle ctsheet4dbetype
21:20:33.388 TRACE common.XBeanDebug -Resolving type for handle strelationshipid1e94type
21:20:33.390 TRACE common.XBeanDebug -Resolving type for handle worksheetf539doctype
21:20:33.393 TRACE common.XBeanDebug -Resolving type for handle ctworksheet530dtype
21:20:33.399 TRACE common.XBeanDebug -Resolving type for handle ctsheetdata8408type
21:20:33.401 TRACE common.XBeanDebug -Resolving type for handle ctrowdd39type
21:20:33.405 TRACE common.XBeanDebug -Resolving type for handle ctcell842btype
21:20:33.411 TRACE common.XBeanDebug -Resolving type for handle stcellrefe4e0type
21:20:33.418 TRACE common.XBeanDebug -Resolving type for handle ctcols627ctype
21:20:33.420 TRACE common.XBeanDebug -Resolving type for handle ctcola95ftype
21:20:33.438 TRACE common.XBeanDebug -Resolving type for handle stxstringf179type
21:20:33.446 TRACE common.XBeanDebug -Resolving type for handle stcelltypebf95type
21:20:33.456 INFO  baseclass.CheckPoint -Clearing Results Hash Map
21:21:07.635 INFO  baseclass.CheckPoint -Clearing Results Hash Map
21:30:03.078 INFO  baseclass.WebDriverFactory -OS name from system property :: mac
21:30:03.089 INFO  baseclass.WebDriverFactory -Driver Binary :: /Users/pramod/Documents/Programming/Java/projects/SearchFunctionality-Lets Kode it//drivers//chromedriver
21:30:11.435 INFO  utilities.Util -Waiting for max :: 15 seconds for Login Link to be clickable
21:30:29.816 INFO  basepage.CustomDriver -Clicked On :: Login Link
21:30:29.957 INFO  basepage.CustomDriver -Send Keys on element :: Email Field with data :: test@email.com
21:30:30.061 INFO  basepage.CustomDriver -Send Keys on element :: Password Field with data :: abcabc
21:30:35.849 INFO  basepage.CustomDriver -Clicked On :: Login Button
21:30:36.061 TRACE common.XBeanDebug -Loading type system org.apache.poi.schemas.ooxml.system.ooxml
21:30:36.064 TRACE common.XBeanDebug -Loading type system org.apache.xmlbeans.metadata.system.sXMLCONFIG
21:30:36.064 TRACE common.XBeanDebug -Loading type system org.apache.xmlbeans.metadata.system.sXMLLANG
21:30:36.065 TRACE common.XBeanDebug -Loading type system org.apache.xmlbeans.metadata.system.sXMLSCHEMA
21:30:36.065 TRACE common.XBeanDebug -Loading type system org.apache.xmlbeans.metadata.system.sXMLTOOLS
21:30:36.066 TRACE common.XBeanDebug -Reading unresolved handles for type system org.apache.xmlbeans.metadata.system.sXMLTOOLS
21:30:36.075 TRACE common.XBeanDebug -Finished loading type system org.apache.xmlbeans.metadata.system.sXMLTOOLS
21:30:36.075 TRACE common.XBeanDebug -Reading unresolved handles for type system org.apache.xmlbeans.metadata.system.sXMLSCHEMA
21:30:36.079 TRACE common.XBeanDebug -Finished loading type system org.apache.xmlbeans.metadata.system.sXMLSCHEMA
21:30:36.079 TRACE common.XBeanDebug -Reading unresolved handles for type system org.apache.xmlbeans.metadata.system.sXMLLANG
21:30:36.080 TRACE common.XBeanDebug -Finished loading type system org.apache.xmlbeans.metadata.system.sXMLLANG
21:30:36.080 TRACE common.XBeanDebug -Reading unresolved handles for type system org.apache.xmlbeans.metadata.system.sXMLCONFIG
21:30:36.081 TRACE common.XBeanDebug -Finished loading type system org.apache.xmlbeans.metadata.system.sXMLCONFIG
21:30:36.081 TRACE common.XBeanDebug -Reading unresolved handles for type system org.apache.poi.schemas.ooxml.system.ooxml
21:30:36.128 TRACE common.XBeanDebug -Finished loading type system org.apache.poi.schemas.ooxml.system.ooxml
21:30:36.129 TRACE common.XBeanDebug -Resolving type for handle themefd26doctype
21:30:36.179 TRACE common.XBeanDebug -Resolving type for handle stylesheet5d8bdoctype
21:30:36.183 TRACE common.XBeanDebug -Resolving type for handle ctstylesheet4257type
21:30:36.186 TRACE common.XBeanDebug -Resolving type for handle ctfonts6623type
21:30:36.189 TRACE common.XBeanDebug -Resolving type for handle ctfont14d8type
21:30:36.193 TRACE common.XBeanDebug -Resolving type for handle ctfills2c6ftype
21:30:36.195 TRACE common.XBeanDebug -Resolving type for handle ctfill550ctype
21:30:36.197 TRACE common.XBeanDebug -Resolving type for handle ctborders0d66type
21:30:36.199 TRACE common.XBeanDebug -Resolving type for handle ctborderf935type
21:30:36.202 TRACE common.XBeanDebug -Resolving type for handle ctcellxfs1322type
21:30:36.204 TRACE common.XBeanDebug -Resolving type for handle ctxf97f7type
21:30:36.206 TRACE common.XBeanDebug -Resolving type for handle ctcellstylexfsa81ftype
21:30:36.208 TRACE common.XBeanDebug -Resolving type for handle ctdxfsb26atype
21:30:36.210 TRACE common.XBeanDebug -Resolving type for handle cttablestyles872ftype
21:30:36.213 TRACE common.XBeanDebug -Resolving type for handle sstf81fdoctype
21:30:36.216 TRACE common.XBeanDebug -Resolving type for handle ctsst44f3type
21:30:36.222 TRACE common.XBeanDebug -Resolving type for handle ctrsta472type
21:30:36.246 TRACE common.XBeanDebug -Resolving type for handle workbookec17doctype
21:30:36.249 TRACE common.XBeanDebug -Resolving type for handle ctworkbook83c3type
21:30:36.253 TRACE common.XBeanDebug -Resolving type for handle ctsheets49fdtype
21:30:36.255 TRACE common.XBeanDebug -Resolving type for handle ctsheet4dbetype
21:30:36.258 TRACE common.XBeanDebug -Resolving type for handle strelationshipid1e94type
21:30:36.260 TRACE common.XBeanDebug -Resolving type for handle worksheetf539doctype
21:30:36.263 TRACE common.XBeanDebug -Resolving type for handle ctworksheet530dtype
21:30:36.269 TRACE common.XBeanDebug -Resolving type for handle ctsheetdata8408type
21:30:36.271 TRACE common.XBeanDebug -Resolving type for handle ctrowdd39type
21:30:36.275 TRACE common.XBeanDebug -Resolving type for handle ctcell842btype
21:30:36.281 TRACE common.XBeanDebug -Resolving type for handle stcellrefe4e0type
21:30:36.287 TRACE common.XBeanDebug -Resolving type for handle ctcols627ctype
21:30:36.289 TRACE common.XBeanDebug -Resolving type for handle ctcola95ftype
21:30:36.307 TRACE common.XBeanDebug -Resolving type for handle stxstringf179type
21:30:36.316 TRACE common.XBeanDebug -Resolving type for handle stcelltypebf95type
21:30:36.326 INFO  baseclass.CheckPoint -Clearing Results Hash Map
21:30:36.469 INFO  basepage.CustomDriver -Send Keys on element :: Search Course Field with data :: rest api
21:30:36.470 INFO  utilities.Util -Waiting for max :: 3 seconds for Search Course Button to be clickable
21:30:39.544 INFO  basepage.CustomDriver -Clicked On :: Search Course Button
21:30:39.565 INFO  baseclass.CheckPoint -searchbyinput.Input Search Verification :-> PASS
21:30:39.565 INFO  baseclass.CheckPoint -Test Method Successful
21:30:39.568 INFO  baseclass.CheckPoint -Clearing Results Hash Map
21:30:39.731 INFO  basepage.CustomDriver -Send Keys on element :: Search Course Field with data :: javascript
21:30:39.731 INFO  utilities.Util -Waiting for max :: 3 seconds for Search Course Button to be clickable
21:30:42.794 INFO  basepage.CustomDriver -Clicked On :: Search Course Button
21:30:42.801 INFO  baseclass.CheckPoint -searchbyinput.Input Search Verification :-> PASS
21:30:42.801 INFO  baseclass.CheckPoint -Test Method Successful
